<?xml version="1.0" encoding="UTF-8"?>
<!-- Generated by org.testng.reporters.JUnitXMLReporter -->
<testsuite ignored="0" hostname="DESKTOP-8RKDMGM" failures="0" tests="2" name="Default test" time="35.006" errors="0" timestamp="22 Apr 2021 10:00:28 GMT">
  <testcase classname="com.herokuapp.theinternet.NegativeTests" name="incorrectUsernameTest" time="16.568"/>
  <testcase classname="com.herokuapp.theinternet.NegativeTests" name="incorrectPasswordTest" time="18.401"/>
</testsuite> <!-- Default test -->
