<?xml version="1.0" encoding="UTF-8"?>
<!-- Generated by org.testng.reporters.JUnitXMLReporter -->
<testsuite ignored="1" hostname="DESKTOP-8RKDMGM" failures="0" tests="1" name="NegativeTests" time="19.83" errors="0" timestamp="22 Apr 2021 10:04:56 GMT">
  <testcase classname="com.herokuapp.theinternet.NegativeTests" name="incorrectPasswordTest" time="19.801"/>
  <testcase classname="com.herokuapp.theinternet.NegativeTests" name="incorrectUsernameTest" time="0.0">
    <ignored/>
  </testcase> <!-- incorrectUsernameTest -->
</testsuite> <!-- NegativeTests -->
