<?xml version="1.0" encoding="UTF-8"?>
<testsuite xmlns:xsi="http://www.w3.org/2001/XMLSchema-instance" xsi:schemaLocation="https://maven.apache.org/surefire/maven-surefire-plugin/xsd/surefire-test-report.xsd" name="com.herokuapp.theinternet.PositiveTests" time="36.268" tests="2" errors="0" skipped="0" failures="0">
  <properties>
[...]
</properties>
  <testcase name="loginTestChrome" classname="com.herokuapp.theinternet.PositiveTests" time="16.274"/>
  <testcase name="loginTestEdge" classname="com.herokuapp.theinternet.PositiveTests" time="19.457"/>
</testsuite>