<?xml version="1.0" encoding="UTF-8"?>
<testng-results ignored="1" total="2" passed="1" failed="0" skipped="0">
  <reporter-output>
  </reporter-output>
  <suite started-at="2021-04-22T10:21:12Z" name="NegativeTestSuite" finished-at="2021-04-22T10:21:31Z" duration-ms="18232">
    <groups>
      <group name="negativeTests">
        <method signature="NegativeTests.incorrectPasswordTest()[pri:2, instance:com.herokuapp.theinternet.NegativeTests@7fb4f2a9]" name="incorrectPasswordTest" class="com.herokuapp.theinternet.NegativeTests"/>
      </group> <!-- negativeTests -->
    </groups>
    <test started-at="2021-04-22T10:21:12Z" name="NegativeTestGroups" finished-at="2021-04-22T10:21:31Z" duration-ms="18232">
      <class name="com.herokuapp.theinternet.NegativeTests">
        <test-method signature="incorrectPasswordTest()[pri:2, instance:com.herokuapp.theinternet.NegativeTests@7fb4f2a9]" started-at="2021-04-22T10:21:12Z" name="incorrectPasswordTest" finished-at="2021-04-22T10:21:31Z" duration-ms="18212" status="PASS">
          <reporter-output>
          </reporter-output>
        </test-method> <!-- incorrectPasswordTest -->
      </class> <!-- com.herokuapp.theinternet.NegativeTests -->
    </test> <!-- NegativeTestGroups -->
  </suite> <!-- NegativeTestSuite -->
</testng-results>
